{[{process,"<0.45.0>",4,5.0e-6,1},
  {process,"<0.39.0>",7,7.0e-6,2},
  {process,"<0.44.0>",1026,0.00256,128},
  {process,"<0.38.0>",40,6.8e-5,2},
  {process,"<0.37.0>",2650,0.026806,158},
  {process,"<0.12.0>",1036,0.003156,2},
  {process,"<0.25.0>",7394,0.024949,308}],
 [{function,unknown,"<0.45.0>",1,5.0e-6,0.0,[],
            [{ref,{dbg,loop,2},1,5.0e-6,2.0e-6}]},
  {function,{dbg,loop,2},
            "<0.45.0>",1,5.0e-6,2.0e-6,
            [{ref,unknown,1,5.0e-6,0.0}],
            [{ref,{dbg,'-trac/3-lc$^0/1-0-',4},1,3.0e-6,2.0e-6}]},
  {function,{dbg,'-trac/3-lc$^0/1-0-',4},
            "<0.45.0>",1,3.0e-6,2.0e-6,
            [{ref,{dbg,loop,2},1,5.0e-6,2.0e-6}],
            [{ref,{dbg,reply,2},1,1.0e-6,1.0e-6}]},
  {function,{dbg,reply,2},
            "<0.45.0>",1,1.0e-6,1.0e-6,
            [{ref,{dbg,'-trac/3-lc$^0/1-0-',4},1,3.0e-6,2.0e-6}],
            []},
  {function,unknown,"<0.39.0>",1,7.0e-6,0.0,[],
            [{ref,{vprof,trace,2},1,7.0e-6,1.0e-6}]},
  {function,{vprof,trace,2},
            "<0.39.0>",1,7.0e-6,1.0e-6,
            [{ref,unknown,1,7.0e-6,0.0}],
            [{ref,{dbg,req,1},1,5.0e-6,2.0e-6},
             {ref,{vprof,stop_trace,0},1,1.0e-6,1.0e-6}]},
  {function,{dbg,req,1},
            "<0.39.0>",1,5.0e-6,2.0e-6,
            [{ref,{vprof,trace,2},1,7.0e-6,1.0e-6}],
            [{ref,{erlang,demonitor,2},1,1.0e-6,1.0e-6},
             {ref,{timer,sleep,1},1,2.0e-6,2.0e-6}]},
  {function,{timer,sleep,1},
            "<0.39.0>",1,2.0e-6,2.0e-6,
            [{ref,{dbg,req,1},1,5.0e-6,2.0e-6}],
            []},
  {function,{erlang,demonitor,2},
            "<0.39.0>",1,1.0e-6,1.0e-6,
            [{ref,{dbg,req,1},1,5.0e-6,2.0e-6}],
            []},
  {function,{vprof,stop_trace,0},
            "<0.39.0>",1,1.0e-6,1.0e-6,
            [{ref,{vprof,trace,2},1,7.0e-6,1.0e-6}],
            [{ref,{erlang,trace,3},1,0.0,0.0}]},
  {function,{erlang,trace,3},
            "<0.39.0>",1,0.0,0.0,
            [{ref,{vprof,stop_trace,0},1,1.0e-6,1.0e-6}],
            []},
  {function,unknown,"<0.44.0>",1,0.00256,0.0,[],
            [{ref,{eide_client_connect,loop,1},1,0.00256,3.84e-4}]},
  {function,{eide_client_connect,loop,1},
            "<0.44.0>",1,0.00256,3.84e-4,
            [{ref,unknown,1,0.00256,0.0}],
            [{ref,{inet,setopts,2},128,0.002176,2.56e-4}]},
  {function,{inet,setopts,2},
            "<0.44.0>",128,0.002176,2.56e-4,
            [{ref,{eide_client_connect,loop,1},1,0.00256,3.84e-4}],
            [{ref,{inet,'-setopts/2-lc$^0/1-0-',1},128,3.84e-4,3.84e-4},
             {ref,{prim_inet,setopts,2},128,0.001536,3.84e-4}]},
  {function,{prim_inet,setopts,2},
            "<0.44.0>",128,0.001536,3.84e-4,
            [{ref,{inet,setopts,2},128,0.002176,2.56e-4}],
            [{ref,{prim_inet,ctl_cmd,3},128,6.4e-4,2.56e-4},
             {ref,{prim_inet,encode_opt_val,1},128,5.12e-4,2.56e-4}]},
  {function,{prim_inet,ctl_cmd,3},
            "<0.44.0>",128,6.4e-4,2.56e-4,
            [{ref,{prim_inet,setopts,2},128,0.001536,3.84e-4}],
            [{ref,{erlang,port_control,3},128,3.84e-4,2.56e-4}]},
  {function,{prim_inet,encode_opt_val,1},
            "<0.44.0>",128,5.12e-4,2.56e-4,
            [{ref,{prim_inet,setopts,2},128,0.001536,3.84e-4}],
            [{ref,{prim_inet,enc_opt_val,2},128,2.56e-4,2.56e-4}]},
  {function,{erlang,port_control,3},
            "<0.44.0>",128,3.84e-4,2.56e-4,
            [{ref,{prim_inet,ctl_cmd,3},128,6.4e-4,2.56e-4}],
            [{ref,{erts_internal,port_control,3},128,1.28e-4,1.28e-4}]},
  {function,{inet,'-setopts/2-lc$^0/1-0-',1},
            "<0.44.0>",128,3.84e-4,3.84e-4,
            [{ref,{inet,setopts,2},128,0.002176,2.56e-4}],
            []},
  {function,{prim_inet,enc_opt_val,2},
            "<0.44.0>",128,2.56e-4,2.56e-4,
            [{ref,{prim_inet,encode_opt_val,1},128,5.12e-4,2.56e-4}],
            []},
  {function,{erts_internal,port_control,3},
            "<0.44.0>",128,1.28e-4,1.28e-4,
            [{ref,{erlang,port_control,3},128,3.84e-4,2.56e-4}],
            []},
  {function,{gen_server,loop,6},
            "<0.38.0>",3,6.8e-5,4.0e-6,
            [{ref,unknown,1,6.8e-5,0.0},
             {ref,{gen_server,handle_common_reply,6},2,3.6e-5,2.0e-6}],
            [{ref,{gen_server,decode_msg,8},2,6.7e-5,2.0e-6}]},
  {function,unknown,"<0.38.0>",1,6.8e-5,0.0,[],
            [{ref,{gen_server,loop,6},1,6.8e-5,1.0e-6}]},
  {function,{gen_server,decode_msg,8},
            "<0.38.0>",2,6.7e-5,2.0e-6,
            [{ref,{gen_server,loop,6},2,6.8e-5,3.0e-6}],
            [{ref,{gen_server,handle_msg,5},2,6.6e-5,4.0e-6}]},
  {function,{gen_server,handle_msg,5},
            "<0.38.0>",2,6.6e-5,4.0e-6,
            [{ref,{gen_server,decode_msg,8},2,6.7e-5,2.0e-6}],
            [{ref,{gen_server,handle_common_reply,6},2,3.6e-5,2.0e-6},
             {ref,{gen_server,try_dispatch,3},2,5.6e-5,2.0e-6}]},
  {function,{gen_server,try_dispatch,3},
            "<0.38.0>",2,5.6e-5,2.0e-6,
            [{ref,{gen_server,handle_msg,5},2,6.6e-5,4.0e-6}],
            [{ref,{gen_server,try_dispatch,4},2,5.4e-5,4.0e-6}]},
  {function,{gen_server,try_dispatch,4},
            "<0.38.0>",2,5.4e-5,4.0e-6,
            [{ref,{gen_server,try_dispatch,3},2,5.6e-5,2.0e-6}],
            [{ref,{timer,handle_info,2},2,5.0e-5,6.0e-6}]},
  {function,{timer,handle_info,2},
            "<0.38.0>",2,5.0e-5,6.0e-6,
            [{ref,{gen_server,try_dispatch,4},2,5.4e-5,4.0e-6}],
            [{ref,{timer,system_time,0},2,6.0e-6,4.0e-6},
             {ref,{timer,timer_timeout,1},2,3.8e-5,1.8e-5}]},
  {function,{timer,timer_timeout,1},
            "<0.38.0>",2,3.8e-5,1.8e-5,
            [{ref,{timer,handle_info,2},2,5.0e-5,6.0e-6}],
            [{ref,{erlang,min,2},2,2.0e-6,2.0e-6},
             {ref,{ets,delete,2},2,2.0e-6,2.0e-6},
             {ref,{ets,first,1},4,4.0e-6,4.0e-6},
             {ref,{ets,insert,2},4,4.0e-6,4.0e-6},
             {ref,{ets,lookup,2},2,2.0e-6,2.0e-6},
             {ref,{timer,do_apply,1},2,6.0e-6,4.0e-6}]},
  {function,{gen_server,handle_common_reply,6},
            "<0.38.0>",2,3.6e-5,2.0e-6,
            [{ref,{gen_server,handle_msg,5},2,6.6e-5,4.0e-6}],
            [{ref,{gen_server,loop,6},2,3.5e-5,3.0e-6}]},
  {function,{timer,system_time,0},
            "<0.38.0>",2,6.0e-6,4.0e-6,
            [{ref,{timer,handle_info,2},2,5.0e-5,6.0e-6}],
            [{ref,{erlang,monotonic_time,1},2,2.0e-6,2.0e-6}]},
  {function,{timer,do_apply,1},
            "<0.38.0>",2,6.0e-6,4.0e-6,
            [{ref,{timer,timer_timeout,1},2,3.8e-5,1.8e-5}],
            [{ref,{timer,send,1},2,2.0e-6,2.0e-6}]},
  {function,{ets,first,1},
            "<0.38.0>",4,4.0e-6,4.0e-6,
            [{ref,{timer,timer_timeout,1},2,3.8e-5,1.8e-5}],
            []},
  {function,{ets,insert,2},
            "<0.38.0>",4,4.0e-6,4.0e-6,
            [{ref,{timer,timer_timeout,1},2,3.8e-5,1.8e-5}],
            []},
  {function,{ets,lookup,2},
            "<0.38.0>",2,2.0e-6,2.0e-6,
            [{ref,{timer,timer_timeout,1},2,3.8e-5,1.8e-5}],
            []},
  {function,{erlang,min,2},
            "<0.38.0>",2,2.0e-6,2.0e-6,
            [{ref,{timer,timer_timeout,1},2,3.8e-5,1.8e-5}],
            []},
  {function,{erlang,monotonic_time,1},
            "<0.38.0>",2,2.0e-6,2.0e-6,
            [{ref,{timer,system_time,0},2,6.0e-6,4.0e-6}],
            []},
  {function,{timer,send,1},
            "<0.38.0>",2,2.0e-6,2.0e-6,
            [{ref,{timer,do_apply,1},2,6.0e-6,4.0e-6}],
            []},
  {function,{ets,delete,2},
            "<0.38.0>",2,2.0e-6,2.0e-6,
            [{ref,{timer,timer_timeout,1},2,3.8e-5,1.8e-5}],
            []},
  {function,{gen_server,loop,6},
            "<0.37.0>",3,0.026806,4.0e-6,
            [{ref,unknown,1,0.026806,0.0},
             {ref,{gen_server,handle_common_reply,6},2,0.010939,2.0e-6}],
            [{ref,{gen_server,decode_msg,8},2,0.026805,2.0e-6}]},
  {function,unknown,"<0.37.0>",1,0.026806,0.0,[],
            [{ref,{gen_server,loop,6},1,0.026806,1.0e-6}]},
  {function,{gen_server,decode_msg,8},
            "<0.37.0>",2,0.026805,2.0e-6,
            [{ref,{gen_server,loop,6},2,0.026806,3.0e-6}],
            [{ref,{gen_server,handle_msg,5},2,0.026804,4.0e-6}]},
  {function,{gen_server,handle_msg,5},
            "<0.37.0>",2,0.026804,4.0e-6,
            [{ref,{gen_server,decode_msg,8},2,0.026805,2.0e-6}],
            [{ref,{gen_server,handle_common_reply,6},2,0.010939,2.0e-6},
             {ref,{gen_server,try_dispatch,3},2,0.026794,2.0e-6}]},
  {function,{gen_server,try_dispatch,3},
            "<0.37.0>",2,0.026794,2.0e-6,
            [{ref,{gen_server,handle_msg,5},2,0.026804,4.0e-6}],
            [{ref,{gen_server,try_dispatch,4},2,0.026792,4.0e-6}]},
  {function,{gen_server,try_dispatch,4},
            "<0.37.0>",2,0.026792,4.0e-6,
            [{ref,{gen_server,try_dispatch,3},2,0.026794,2.0e-6}],
            [{ref,{reloader,handle_info,2},2,0.026788,8.0e-6}]},
  {function,{reloader,handle_info,2},
            "<0.37.0>",2,0.026788,8.0e-6,
            [{ref,{gen_server,try_dispatch,4},2,0.026792,4.0e-6}],
            [{ref,{erlang,setelement,3},2,2.0e-6,2.0e-6},
             {ref,{reloader,doit,2},2,0.026772,4.0e-6},
             {ref,{reloader,stamp,0},2,6.0e-6,4.0e-6}]},
  {function,{reloader,doit,2},
            "<0.37.0>",2,0.026772,4.0e-6,
            [{ref,{reloader,handle_info,2},2,0.026788,8.0e-6}],
            [{ref,{code,all_loaded,0},2,8.0e-6,2.0e-6},
             {ref,{reloader,'-doit/2-lc$^0/1-0-',3},2,0.02676,4.84e-4}]},
  {function,{reloader,'-doit/2-lc$^0/1-0-',3},
            "<0.37.0>",2,0.02676,4.84e-4,
            [{ref,{reloader,doit,2},2,0.026772,4.0e-6}],
            [{ref,{file,read_file_info,1},154,0.026276,3.08e-4}]},
  {function,{file,read_file_info,1},
            "<0.37.0>",154,0.026276,3.08e-4,
            [{ref,{reloader,'-doit/2-lc$^0/1-0-',3},2,0.02676,4.84e-4}],
            [{ref,{file,check_and_call,2},154,0.003542,3.08e-4},
             {ref,{file,file_name,1},154,0.022426,4.62e-4}]},
  {function,{file,file_name,1},
            "<0.37.0>",154,0.022426,4.62e-4,
            [{ref,{file,read_file_info,1},154,0.026276,3.08e-4}],
            [{ref,{file,file_name_1,2},154,0.02181,0.02181},
             {ref,{file,native_name_encoding,0},154,1.54e-4,1.54e-4}]},
  {function,{file,file_name_1,2},
            "<0.37.0>",154,0.02181,0.02181,
            [{ref,{file,file_name,1},154,0.022426,4.62e-4}],
            []},
  {function,{gen_server,handle_common_reply,6},
            "<0.37.0>",2,0.010939,2.0e-6,
            [{ref,{gen_server,handle_msg,5},2,0.026804,4.0e-6}],
            [{ref,{gen_server,loop,6},2,0.010938,3.0e-6}]},
  {function,{file,check_and_call,2},
            "<0.37.0>",154,0.003542,3.08e-4,
            [{ref,{file,read_file_info,1},154,0.026276,3.08e-4}],
            [{ref,{file,call,2},154,0.002926,4.62e-4},
             {ref,{file,check_args,1},154,3.08e-4,3.08e-4}]},
  {function,{file,call,2},
            "<0.37.0>",154,0.002926,4.62e-4,
            [{ref,{file,check_and_call,2},154,0.003542,3.08e-4}],
            [{ref,{erlang,list_to_tuple,1},154,1.54e-4,1.54e-4},
             {ref,{gen_server,call,3},154,0.00231,3.08e-4}]},
  {function,{gen_server,call,3},
            "<0.37.0>",154,0.00231,3.08e-4,
            [{ref,{file,call,2},154,0.002926,4.62e-4}],
            [{ref,{gen,call,4},154,0.002002,1.54e-4}]},
  {function,{gen,call,4},
            "<0.37.0>",154,0.002002,1.54e-4,
            [{ref,{gen_server,call,3},154,0.00231,3.08e-4}],
            [{ref,{gen,do_for_proc,2},154,0.001848,3.08e-4}]},
  {function,{gen,do_for_proc,2},
            "<0.37.0>",154,0.001848,3.08e-4,
            [{ref,{gen,call,4},154,0.002002,1.54e-4}],
            [{ref,{erlang,whereis,1},154,1.54e-4,1.54e-4},
             {ref,{gen,'-call/4-fun-0-',4},154,0.001386,1.54e-4}]},
  {function,{gen,'-call/4-fun-0-',4},
            "<0.37.0>",154,0.001386,1.54e-4,
            [{ref,{gen,do_for_proc,2},154,0.001848,3.08e-4}],
            [{ref,{gen,do_call,4},154,0.001232,7.7e-4}]},
  {function,{gen,do_call,4},
            "<0.37.0>",154,0.001232,7.7e-4,
            [{ref,{gen,'-call/4-fun-0-',4},154,0.001386,1.54e-4}],
            [{ref,{erlang,demonitor,2},154,1.54e-4,1.54e-4},
             {ref,{erlang,monitor,2},154,1.54e-4,1.54e-4},
             {ref,{erlang,send,3},154,1.54e-4,1.54e-4}]},
  {function,{file,check_args,1},
            "<0.37.0>",154,3.08e-4,3.08e-4,
            [{ref,{file,check_and_call,2},154,0.003542,3.08e-4}],
            []},
  {function,{erlang,monitor,2},
            "<0.37.0>",154,1.54e-4,1.54e-4,
            [{ref,{gen,do_call,4},154,0.001232,7.7e-4}],
            []},
  {function,{erlang,demonitor,2},
            "<0.37.0>",154,1.54e-4,1.54e-4,
            [{ref,{gen,do_call,4},154,0.001232,7.7e-4}],
            []},
  {function,{file,native_name_encoding,0},
            "<0.37.0>",154,1.54e-4,1.54e-4,
            [{ref,{file,file_name,1},154,0.022426,4.62e-4}],
            []},
  {function,{erlang,send,3},
            "<0.37.0>",154,1.54e-4,1.54e-4,
            [{ref,{gen,do_call,4},154,0.001232,7.7e-4}],
            []},
  {function,{erlang,list_to_tuple,1},
            "<0.37.0>",154,1.54e-4,1.54e-4,
            [{ref,{file,call,2},154,0.002926,4.62e-4}],
            []},
  {function,{erlang,whereis,1},
            "<0.37.0>",154,1.54e-4,1.54e-4,
            [{ref,{gen,do_for_proc,2},154,0.001848,3.08e-4}],
            []},
  {function,{code,all_loaded,0},
            "<0.37.0>",2,8.0e-6,2.0e-6,
            [{ref,{reloader,doit,2},2,0.026772,4.0e-6}],
            [{ref,{code,call,1},2,6.0e-6,2.0e-6}]},
  {function,{reloader,stamp,0},
            "<0.37.0>",2,6.0e-6,4.0e-6,
            [{ref,{reloader,handle_info,2},2,0.026788,8.0e-6}],
            [{ref,{erlang,localtime,0},2,2.0e-6,2.0e-6}]},
  {function,{code,call,1},
            "<0.37.0>",2,6.0e-6,2.0e-6,
            [{ref,{code,all_loaded,0},2,8.0e-6,2.0e-6}],
            [{ref,{code_server,call,2},2,4.0e-6,4.0e-6}]},
  {function,{code_server,call,2},
            "<0.37.0>",2,4.0e-6,4.0e-6,
            [{ref,{code,call,1},2,6.0e-6,2.0e-6}],
            []},
  {function,{erlang,localtime,0},
            "<0.37.0>",2,2.0e-6,2.0e-6,
            [{ref,{reloader,stamp,0},2,6.0e-6,4.0e-6}],
            []},
  {function,{erlang,setelement,3},
            "<0.37.0>",2,2.0e-6,2.0e-6,
            [{ref,{reloader,handle_info,2},2,0.026788,8.0e-6}],
            []},
  {function,unknown,"<0.12.0>",1,0.003156,0.0,[],
            [{ref,{code_server,loop,1},1,0.003156,8.0e-6}]},
  {function,{code_server,loop,1},
            "<0.12.0>",1,0.003156,8.0e-6,
            [{ref,unknown,1,0.003156,0.0}],
            [{ref,{code_server,handle_call,3},2,0.003146,4.0e-6},
             {ref,{code_server,reply,2},2,2.0e-6,2.0e-6}]},
  {function,{code_server,handle_call,3},
            "<0.12.0>",2,0.003146,4.0e-6,
            [{ref,{code_server,loop,1},1,0.003156,8.0e-6}],
            [{ref,{code_server,all_loaded,1},2,0.003142,4.0e-6}]},
  {function,{code_server,all_loaded,1},
            "<0.12.0>",2,0.003142,4.0e-6,
            [{ref,{code_server,handle_call,3},2,0.003146,4.0e-6}],
            [{ref,{code_server,all_l,4},2,0.003136,0.001538},
             {ref,{ets,slot,2},2,2.0e-6,2.0e-6}]},
  {function,{code_server,all_l,4},
            "<0.12.0>",2,0.003136,0.001538,
            [{ref,{code_server,all_loaded,1},2,0.003142,4.0e-6}],
            [{ref,{code_server,strip_mod_info,2},512,0.001086,0.001086},
             {ref,{ets,slot,2},512,5.12e-4,5.12e-4}]},
  {function,{code_server,strip_mod_info,2},
            "<0.12.0>",512,0.001086,0.001086,
            [{ref,{code_server,all_l,4},2,0.003136,0.001538}],
            []},
  {function,{ets,slot,2},
            "<0.12.0>",514,5.14e-4,5.14e-4,
            [{ref,{code_server,all_l,4},2,0.003136,0.001538},
             {ref,{code_server,all_loaded,1},2,0.003142,4.0e-6}],
            []},
  {function,{code_server,reply,2},
            "<0.12.0>",2,2.0e-6,2.0e-6,
            [{ref,{code_server,loop,1},1,0.003156,8.0e-6}],
            []},
  {function,{gen_server,loop,6},
            "<0.25.0>",155,0.024949,3.08e-4,
            [{ref,unknown,1,0.024949,0.0},
             {ref,{gen_server,handle_msg,5},154,0.024947,4.62e-4}],
            [{ref,{gen_server,decode_msg,8},154,0.024948,1.54e-4}]},
  {function,unknown,"<0.25.0>",1,0.024949,0.0,[],
            [{ref,{gen_server,loop,6},1,0.024949,1.0e-6}]},
  {function,{gen_server,decode_msg,8},
            "<0.25.0>",154,0.024948,1.54e-4,
            [{ref,{gen_server,loop,6},154,0.024949,3.07e-4}],
            [{ref,{gen_server,handle_msg,5},154,0.024947,4.62e-4}]},
  {function,{gen_server,handle_msg,5},
            "<0.25.0>",154,0.024947,4.62e-4,
            [{ref,{gen_server,decode_msg,8},154,0.024948,1.54e-4}],
            [{ref,{gen_server,loop,6},154,0.024859,3.07e-4},
             {ref,{gen_server,reply,2},154,1.54e-4,1.54e-4},
             {ref,{gen_server,try_handle_call,4},154,0.023871,3.08e-4}]},
  {function,{gen_server,try_handle_call,4},
            "<0.25.0>",154,0.023871,3.08e-4,
            [{ref,{gen_server,handle_msg,5},154,0.024947,4.62e-4}],
            [{ref,{file_server,handle_call,3},154,0.023563,3.08e-4}]},
  {function,{file_server,handle_call,3},
            "<0.25.0>",154,0.023563,3.08e-4,
            [{ref,{gen_server,try_handle_call,4},154,0.023871,3.08e-4}],
            [{ref,{prim_file,read_file_info,2},154,0.023255,1.54e-4}]},
  {function,{prim_file,read_file_info,2},
            "<0.25.0>",154,0.023255,1.54e-4,
            [{ref,{file_server,handle_call,3},154,0.023563,3.08e-4}],
            [{ref,{prim_file,read_file_info_int,3},154,0.023101,0.001078}]},
  {function,{prim_file,read_file_info_int,3},
            "<0.25.0>",154,0.023101,0.001078,
            [{ref,{prim_file,read_file_info,2},154,0.023255,1.54e-4}],
            [{ref,{erlang,setelement,3},154,1.54e-4,1.54e-4},
             {ref,{prim_file,drv_command,2},154,0.019097,1.54e-4},
             {ref,{prim_file,from_seconds,2},462,0.00231,0.001386},
             {ref,{prim_file,pathname,1},154,4.62e-4,3.08e-4}]},
  {function,{prim_file,drv_command,2},
            "<0.25.0>",154,0.019097,1.54e-4,
            [{ref,{prim_file,read_file_info_int,3},154,0.023101,0.001078}],
            [{ref,{prim_file,drv_command,3},154,0.018943,3.08e-4}]},
  {function,{prim_file,drv_command,3},
            "<0.25.0>",154,0.018943,3.08e-4,
            [{ref,{prim_file,drv_command,2},154,0.019097,1.54e-4}],
            [{ref,{erlang,iolist_size,1},154,1.54e-4,1.54e-4},
             {ref,{prim_file,drv_command,4},154,0.018481,6.16e-4}]},
  {function,{prim_file,drv_command,4},
            "<0.25.0>",154,0.018481,6.16e-4,
            [{ref,{prim_file,drv_command,3},154,0.018943,3.08e-4}],
            [{ref,{erlang,port_command,2},154,4.62e-4,3.08e-4},
             {ref,{prim_file,'-drv_command/4-after$^0/0-0-',1},
                  154,1.54e-4,1.54e-4},
             {ref,{prim_file,drv_get_response,2},154,0.017249,1.54e-4}]},
  {function,{prim_file,drv_get_response,2},
            "<0.25.0>",154,0.017249,1.54e-4,
            [{ref,{prim_file,drv_command,4},154,0.018481,6.16e-4}],
            [{ref,{prim_file,drv_get_response,1},154,0.017095,6.16e-4}]},
  {function,{prim_file,drv_get_response,1},
            "<0.25.0>",154,0.017095,6.16e-4,
            [{ref,{prim_file,drv_get_response,2},154,0.017249,1.54e-4}],
            [{ref,{erlang,bump_reductions,1},154,1.54e-4,1.54e-4},
             {ref,{prim_file,translate_response,2},154,0.016325,3.08e-4}]},
  {function,{prim_file,translate_response,2},
            "<0.25.0>",154,0.016325,3.08e-4,
            [{ref,{prim_file,drv_get_response,1},154,0.017095,6.16e-4}],
            [{ref,{prim_file,transform_info,1},154,0.016017,0.013553}]},
  {function,{prim_file,transform_info,1},
            "<0.25.0>",154,0.016017,0.013553,
            [{ref,{prim_file,translate_response,2},154,0.016325,3.08e-4}],
            [{ref,{prim_file,file_access,1},154,1.54e-4,1.54e-4},
             {ref,{prim_file,file_type,1},154,1.54e-4,1.54e-4},
             {ref,{prim_file,sint64,8},462,4.62e-4,4.62e-4},
             {ref,{prim_file,uint32,4},1694,0.001694,0.001694}]},
  {function,{prim_file,from_seconds,2},
            "<0.25.0>",462,0.00231,0.001386,
            [{ref,{prim_file,read_file_info_int,3},154,0.023101,0.001078}],
            [{ref,{erlang,posixtime_to_universaltime,1},462,4.62e-4,4.62e-4},
             {ref,{erlang,universaltime_to_localtime,1},462,4.62e-4,4.62e-4}]},
  {function,{prim_file,uint32,4},
            "<0.25.0>",1694,0.001694,0.001694,
            [{ref,{prim_file,transform_info,1},154,0.016017,0.013553}],
            []},
  {function,{erlang,port_command,2},
            "<0.25.0>",154,4.62e-4,3.08e-4,
            [{ref,{prim_file,drv_command,4},154,0.018481,6.16e-4}],
            [{ref,{erts_internal,port_command,3},154,1.54e-4,1.54e-4}]},
  {function,{prim_file,sint64,8},
            "<0.25.0>",462,4.62e-4,4.62e-4,
            [{ref,{prim_file,transform_info,1},154,0.016017,0.013553}],
            []},
  {function,{erlang,posixtime_to_universaltime,1},
            "<0.25.0>",462,4.62e-4,4.62e-4,
            [{ref,{prim_file,from_seconds,2},462,0.00231,0.001386}],
            []},
  {function,{erlang,universaltime_to_localtime,1},
            "<0.25.0>",462,4.62e-4,4.62e-4,
            [{ref,{prim_file,from_seconds,2},462,0.00231,0.001386}],
            []},
  {function,{prim_file,pathname,1},
            "<0.25.0>",154,4.62e-4,3.08e-4,
            [{ref,{prim_file,read_file_info_int,3},154,0.023101,0.001078}],
            [{ref,{prim_file,internal_name2native,1},154,1.54e-4,1.54e-4}]},
  {function,{prim_file,file_access,1},
            "<0.25.0>",154,1.54e-4,1.54e-4,
            [{ref,{prim_file,transform_info,1},154,0.016017,0.013553}],
            []},
  {function,{prim_file,'-drv_command/4-after$^0/0-0-',1},
            "<0.25.0>",154,1.54e-4,1.54e-4,
            [{ref,{prim_file,drv_command,4},154,0.018481,6.16e-4}],
            []},
  {function,{erlang,setelement,3},
            "<0.25.0>",154,1.54e-4,1.54e-4,
            [{ref,{prim_file,read_file_info_int,3},154,0.023101,0.001078}],
            []},
  {function,{erlang,iolist_size,1},
            "<0.25.0>",154,1.54e-4,1.54e-4,
            [{ref,{prim_file,drv_command,3},154,0.018943,3.08e-4}],
            []},
  {function,{erts_internal,port_command,3},
            "<0.25.0>",154,1.54e-4,1.54e-4,
            [{ref,{erlang,port_command,2},154,4.62e-4,3.08e-4}],
            []},
  {function,{erlang,bump_reductions,1},
            "<0.25.0>",154,1.54e-4,1.54e-4,
            [{ref,{prim_file,drv_get_response,1},154,0.017095,6.16e-4}],
            []},
  {function,{gen_server,reply,2},
            "<0.25.0>",154,1.54e-4,1.54e-4,
            [{ref,{gen_server,handle_msg,5},154,0.024947,4.62e-4}],
            []},
  {function,{prim_file,internal_name2native,1},
            "<0.25.0>",154,1.54e-4,1.54e-4,
            [{ref,{prim_file,pathname,1},154,4.62e-4,3.08e-4}],
            []},
  {function,{prim_file,file_type,1},
            "<0.25.0>",154,1.54e-4,1.54e-4,
            [{ref,{prim_file,transform_info,1},154,0.016017,0.013553}],
            []}]}.
